iCMD: python script.py 0
iDir: /users/n/c/nckramer/Project
iCMD: python script.py 1
iDir: /users/n/c/nckramer/Project
iCMD: python script.py 2
iDir: /users/n/c/nckramer/Project
iCMD: python script.py 3
iDir: /users/n/c/nckramer/Project
iCMD: python script.py 4
iDir: /users/n/c/nckramer/Project
iCMD: python script.py 5
iDir: /users/n/c/nckramer/Project
iCMD: python script.py 6
iDir: /users/n/c/nckramer/Project
iCMD: python script.py 7
iDir: /users/n/c/nckramer/Project
iCMD: python script.py 8
iDir: /users/n/c/nckramer/Project
iCMD: python script.py 9
iDir: /users/n/c/nckramer/Project
mkdir: cannot create directory ‘submits/’: File exists
/var/spool/slurm/d/job1850642/slurm_script: line 55: qsub: command not found
/var/spool/slurm/d/job1850642/slurm_script: line 56: qsub: command not found
Submitted batch job 1850643
Submitted batch job 1850644
Submitted batch job 1850645
Submitted batch job 1850646
Submitted batch job 1850647
Submitted batch job 1850648
Submitted batch job 1850649
Submitted batch job 1850650
Submitted batch job 1850651
Submitted batch job 1850652
